root - INFO - OBJECT CREATION - DHT is created at 0
root - INFO - OBJECT CREATION - Node-0 is created at 0
root - INFO - OBJECT CREATION - Node-316784 is created at 0
root - INFO - Node-316784 inserted in the DHT at 0
root - INFO - Msg-66 created at 0
root - INFO - Node-0 made a SEND to Node-316784 at 0
root - INFO - MSG FORWARD - 1 Node-316784 97.75161743164062 μs
root - INFO - Msg-66 read by Node-316784 at 0
root - INFO - Node-0 added new data@<<Extended high-level open system then green>> at 0
root - INFO - REPLICAT - Data replicated on Node-0 at 0
root - INFO - REPLICAT - Data replicated on Node-0 at 0
root - INFO - REPLICAT ERROR - Try to replicate Data on Node-316784 but operation failed at 0
root - INFO - REPLICAT ERROR - Try to replicate Data on Node-0 but operation failed at 0
root - INFO - OBJECT CREATION - Node-346563 is created at 0.15
root - INFO - Node-346563 inserted in the DHT at 0.15
root - INFO - Msg-5 created at 0.2
root - INFO - Node-316784 made a SEND to Node-316784 at 0.2
root - INFO - MSG FORWARD - 1 Node-346563 105.61943054199219 μs
root - INFO - MSG FORWARD - 2 Node-316784 153.7799835205078 μs
root - INFO - Msg-5 read by Node-316784 at 0.2
root - INFO - Node-316784 added new data@<<Polarized multimedia firmware national stay>> at 0.2
root - INFO - REPLICAT - Data replicated on Node-316784 at 0.2
root - INFO - REPLICAT - Data replicated on Node-0 at 0.2
root - INFO - REPLICAT ERROR - Try to replicate Data on Node-0 but operation failed at 0.2
root - INFO - REPLICAT ERROR - Try to replicate Data on Node-346563 but operation failed at 0.2
root - INFO - OBJECT CREATION - Node-549339 is created at 0.3
root - INFO - JOIN FORWARD - 1 Node-316784 forward join-req to Node-346563 
root - INFO - Node-549339 inserted in the DHT at 0.3
root - INFO - Msg-46 created at 0.4
root - INFO - Node-549339 made a SEND to Node-549339 at 0.4
root - INFO - MSG FORWARD - 1 Node-346563 95.84426879882812 μs
root - INFO - MSG FORWARD - 2 Node-549339 144.72007751464844 μs
root - INFO - Msg-46 read by Node-549339 at 0.4
root - INFO - Node-316784 added new data@<<Self-enabling encompassing algorithm now could>> at 0.4
root - INFO - REPLICAT - Data replicated on Node-316784 at 0.4
root - INFO - REPLICAT - Data replicated on Node-549339 at 0.4
root - INFO - REPLICAT - Data replicated on Node-0 at 0.4
root - INFO - REPLICAT - Data replicated on Node-0 at 0.4
root - INFO - REPLICAT ERROR - Try to replicate Data on Node-549339 but operation failed at 0.4
root - INFO - OBJECT CREATION - Node-600849 is created at 0.44999999999999996
root - INFO - JOIN FORWARD - 1 Node-316784 forward join-req to Node-346563 
root - INFO - JOIN FORWARD - 1 Node-346563 forward join-req to Node-549339 
root - INFO - Node-600849 inserted in the DHT at 0.44999999999999996
root - INFO - OBJECT CREATION - Node-607008 is created at 0.6
root - INFO - JOIN FORWARD - 1 Node-316784 forward join-req to Node-346563 
root - INFO - JOIN FORWARD - 1 Node-346563 forward join-req to Node-549339 
root - INFO - JOIN FORWARD - 1 Node-549339 forward join-req to Node-600849 
root - INFO - Node-607008 inserted in the DHT at 0.6
root - INFO - Msg-97 created at 0.6000000000000001
root - INFO - Node-346563 made a SEND to Node-316784 at 0.6000000000000001
root - INFO - MSG FORWARD - 1 Node-316784 93.93692016601562 μs
root - INFO - Msg-97 read by Node-316784 at 0.6000000000000001
root - INFO - Node-346563 added new data@<<Enterprise-wide web-enabled conglomeration voice few>> at 0.6000000000000001
root - INFO - REPLICAT - Data replicated on Node-346563 at 0.6000000000000001
root - INFO - REPLICAT - Data replicated on Node-600849 at 0.6000000000000001
root - INFO - REPLICAT - Data replicated on Node-316784 at 0.6000000000000001
root - INFO - REPLICAT - Data replicated on Node-607008 at 0.6000000000000001
root - INFO - REPLICAT - Data replicated on Node-0 at 0.6000000000000001
root - INFO - REPLICAT - Data replicated on Node-0 at 0.6000000000000001
root - INFO - LEAVE - Node-346563 left 
root - INFO - Msg-84 created at 0.8
root - INFO - Node-600849 made a SEND to Node-607008 at 0.8
root - INFO - MSG FORWARD - 1 Node-607008 101.0894775390625 μs
root - INFO - Msg-84 read by Node-607008 at 0.8
root - INFO - Node-0 added new data@<<Right-sized maximized projection true person>> at 0.8
root - INFO - REPLICAT - Data replicated on Node-0 at 0.8
root - INFO - REPLICAT - Data replicated on Node-549339 at 0.8
root - INFO - REPLICAT - Data replicated on Node-607008 at 0.8
root - INFO - REPLICAT - Data replicated on Node-600849 at 0.8
root - INFO - REPLICAT ERROR - Try to replicate Data on Node-600849 but operation failed at 0.8
root - INFO - LEAVE - Node-600849 left 
root - INFO - Msg-78 created at 1.0
root - INFO - Node-549339 made a SEND to Node-316784 at 1.0
root - INFO - MSG FORWARD - 1 Node-316784 89.88380432128906 μs
root - INFO - Msg-78 read by Node-316784 at 1.0
root - INFO - Node-549339 added new data@<<Configurable solution-oriented frame relate behind>> at 1.0
root - INFO - REPLICAT - Data replicated on Node-549339 at 1.0
root - INFO - REPLICAT - Data replicated on Node-0 at 1.0
root - INFO - REPLICAT - Data replicated on Node-316784 at 1.0
root - INFO - REPLICAT - Data replicated on Node-316784 at 1.0
root - INFO - REPLICAT ERROR - Try to replicate Data on Node-0 but operation failed at 1.0
root - INFO - OBJECT CREATION - Node-381125 is created at 1.05
root - INFO - Node-381125 inserted in the DHT at 1.05
root - INFO - Msg-78 created at 1.2
root - INFO - Node-316784 made a SEND to Node-607008 at 1.2
root - INFO - MSG FORWARD - 1 Node-381125 88.93013000488281 μs
root - INFO - MSG FORWARD - 2 Node-549339 135.89859008789062 μs
root - INFO - MSG FORWARD - 3 Node-607008 185.0128173828125 μs
root - INFO - Msg-78 read by Node-607008 at 1.2
root - INFO - Node-381125 added new data@<<Total demand-driven paradigm nice piece>> at 1.2
root - INFO - REPLICAT - Data replicated on Node-381125 at 1.2
root - INFO - REPLICAT - Data replicated on Node-607008 at 1.2
root - INFO - REPLICAT - Data replicated on Node-316784 at 1.2
root - INFO - REPLICAT - Data replicated on Node-0 at 1.2
root - INFO - REPLICAT ERROR - Try to replicate Data on Node-0 but operation failed at 1.2
root - INFO - OBJECT CREATION - Node-317962 is created at 1.2
root - INFO - JOIN FORWARD - 1 Node-607008 forward join-req to Node-0 
root - INFO - JOIN FORWARD - 1 Node-0 forward join-req to Node-316784 
root - INFO - Node-317962 inserted in the DHT at 1.2
root - INFO - OBJECT CREATION - Node-625636 is created at 1.3499999999999999
root - INFO - JOIN FORWARD - 1 Node-600849 forward join-req to Node-607008 
root - INFO - Node-625636 inserted in the DHT at 1.3499999999999999
root - INFO - Msg-70 created at 1.4
root - INFO - Node-0 made a SEND to Node-317962 at 1.4
root - INFO - MSG FORWARD - 1 Node-316784 86.78436279296875 μs
root - INFO - MSG FORWARD - 2 Node-317962 130.8917999267578 μs
root - INFO - Msg-70 read by Node-317962 at 1.4
root - INFO - Node-346563 added new data@<<User-centric analyzing software government during>> at 1.4
root - INFO - REPLICAT - Data replicated on Node-317962 at 1.4
root - INFO - REPLICAT - Data replicated on Node-607008 at 1.4
root - INFO - REPLICAT - Data replicated on Node-316784 at 1.4
root - INFO - REPLICAT - Data replicated on Node-625636 at 1.4
root - INFO - REPLICAT - Data replicated on Node-0 at 1.4
root - INFO - REPLICAT - Data replicated on Node-0 at 1.4
root - INFO - OBJECT CREATION - Node-878885 is created at 1.4999999999999998
root - INFO - Node-878885 inserted in the DHT at 1.4999999999999998
root - INFO - Msg-55 created at 1.5999999999999999
root - INFO - Node-317962 made a SEND to Node-381125 at 1.5999999999999999
root - INFO - MSG FORWARD - 1 Node-381125 84.16175842285156 μs
root - INFO - Msg-55 read by Node-381125 at 1.5999999999999999
root - INFO - Node-316784 added new data@<<Innovative holistic product total ten>> at 1.5999999999999999
root - INFO - REPLICAT - Data replicated on Node-316784 at 1.5999999999999999
root - INFO - REPLICAT - Data replicated on Node-381125 at 1.5999999999999999
root - INFO - REPLICAT - Data replicated on Node-0 at 1.5999999999999999
root - INFO - REPLICAT - Data replicated on Node-549339 at 1.5999999999999999
root - INFO - REPLICAT - Data replicated on Node-878885 at 1.5999999999999999
root - INFO - REPLICAT - Data replicated on Node-607008 at 1.5999999999999999
root - INFO - OBJECT CREATION - Node-206144 is created at 1.6499999999999997
root - INFO - JOIN FORWARD - 1 Node-346563 forward join-req to Node-549339 
root - INFO - JOIN FORWARD - 1 Node-549339 forward join-req to Node-607008 
root - INFO - JOIN FORWARD - 1 Node-607008 forward join-req to Node-625636 
root - INFO - JOIN FORWARD - 1 Node-625636 forward join-req to Node-878885 
root - INFO - JOIN FORWARD - 1 Node-878885 forward join-req to Node-0 
root - INFO - Node-206144 inserted in the DHT at 1.6499999999999997
root - INFO - OBJECT CREATION - Node-825554 is created at 1.7999999999999996
root - INFO - JOIN FORWARD - 1 Node-317962 forward join-req to Node-381125 
root - INFO - JOIN FORWARD - 1 Node-381125 forward join-req to Node-549339 
root - INFO - JOIN FORWARD - 1 Node-549339 forward join-req to Node-607008 
root - INFO - JOIN FORWARD - 1 Node-607008 forward join-req to Node-625636 
root - INFO - Node-825554 inserted in the DHT at 1.7999999999999996
root - INFO - Msg-30 created at 1.7999999999999998
root - INFO - Node-206144 made a SEND to Node-316784 at 1.7999999999999998
root - INFO - MSG FORWARD - 1 Node-316784 83.92333984375 μs
root - INFO - Msg-30 read by Node-316784 at 1.7999999999999998
root - INFO - Node-381125 added new data@<<Enterprise-wide demand-driven workforce American look>> at 1.7999999999999998
root - INFO - REPLICAT - Data replicated on Node-381125 at 1.7999999999999998
root - INFO - REPLICAT - Data replicated on Node-607008 at 1.7999999999999998
root - INFO - REPLICAT - Data replicated on Node-317962 at 1.7999999999999998
root - INFO - REPLICAT - Data replicated on Node-625636 at 1.7999999999999998
root - INFO - REPLICAT - Data replicated on Node-316784 at 1.7999999999999998
root - INFO - REPLICAT - Data replicated on Node-825554 at 1.7999999999999998
root - INFO - OBJECT CREATION - Node-57493 is created at 1.9499999999999995
root - INFO - Node-57493 inserted in the DHT at 1.9499999999999995
root - INFO - Msg-82 created at 1.9999999999999998
root - INFO - Node-607008 made a SEND to Node-381125 at 1.9999999999999998
root - INFO - MSG FORWARD - 1 Node-549339 84.40017700195312 μs
root - INFO - MSG FORWARD - 2 Node-381125 128.5076141357422 μs
root - INFO - Msg-82 read by Node-381125 at 1.9999999999999998
root - INFO - Node-346563 added new data@<<Cloned mission-critical success account nice>> at 1.9999999999999998
root - INFO - REPLICAT - Data replicated on Node-317962 at 1.9999999999999998
root - INFO - REPLICAT - Data replicated on Node-607008 at 1.9999999999999998
root - INFO - REPLICAT - Data replicated on Node-316784 at 1.9999999999999998
root - INFO - REPLICAT - Data replicated on Node-625636 at 1.9999999999999998
root - INFO - REPLICAT - Data replicated on Node-206144 at 1.9999999999999998
root - INFO - REPLICAT - Data replicated on Node-825554 at 1.9999999999999998
